<?xml version="1.0" encoding="UTF-8"?>
<!-- Generated by org.testng.reporters.JUnitXMLReporter -->
<testsuite hostname="LAPTOP-H2ILISJ2" name="Default test" tests="3" failures="0" timestamp="4 Feb 2020 03:35:00 GMT" time="61.339" errors="0">
  <testcase name="led" time="2.707" classname="com.sathya.qa.testcases.AudioVideoTest"/>
  <testcase name="hometheatre" time="1.645" classname="com.sathya.qa.testcases.AudioVideoTest"/>
  <testcase name="playstation" time="1.72" classname="com.sathya.qa.testcases.AudioVideoTest"/>
</testsuite> <!-- Default test -->
