<?xml version="1.0" encoding="UTF-8"?>
<!-- Generated by org.testng.reporters.JUnitXMLReporter -->
<testsuite hostname="LAPTOP-H2ILISJ2" name="Test" tests="3" failures="0" timestamp="9 Feb 2020 06:01:39 GMT" time="48.985" errors="0">
  <testcase name="logotest" time="0.188" classname="com.sathya.qa.testcases.HomePageTest"/>
  <testcase name="homepagetitletest" time="0.03" classname="com.sathya.qa.testcases.HomePageTest"/>
  <testcase name="home2logintest" time="0.873" classname="com.sathya.qa.testcases.HomePageTest"/>
</testsuite> <!-- Test -->
